{"content": {"suites": {"0": {"status": {"total_pass": 0, "total_skip": 0, "total_xpass": 0, "total_xfail": 0, "total_rerun": 0, "total_fail": 2, "total_error": 0}, "tests": {"0": {"status": "FAIL", "message": "   selenium.common.exceptions.NoSuchWindowException: Message: no such window: target window already closed\n   from unknown error: web view not found\n     (Session info: chrome=128.0.6613.85)\n   Stacktrace:\n   \tGetHandleVerifier [0x006F8213+26163]\n   \t(No symbol) [0x00689CC4]\n   \t(No symbol) [0x005824C3]\n   \t(No symbol) [0x0055E27B]\n   \t(No symbol) [0x005F192F]\n   \t(No symbol) [0x00603F99]\n   \t(No symbol) [0x005EAA56]\n   \t(No symbol) [0x005BBE89]\n   \t(No symbol) [0x005BC8CD]\n   \tGetHandleVerifier [0x009CD313+2996019]\n   \tGetHandleVerifier [0x00A21B89+3342249]\n   \tGetHandleVerifier [0x00787AEF+614159]\n   \tGetHandleVerifier [0x0078F17C+644508]\n   \t(No symbol) [0x006927FD]\n   \t(No symbol) [0x0068F6F8]\n   \t(No symbol) [0x0068F895]\n   \t(No symbol) [0x00681C16]\n   \tBaseThreadInitThunk [0x76C67BA9+25]\n   \tRtlInitializeExceptionChain [0x77A1C10B+107]\n   \tRtlClearBits [0x77A1C08F+191]\n", "test_name": "test_homepage_title_verification", "rerun": "0"}, "1": {"status": "FAIL", "message": "   selenium.common.exceptions.NoSuchWindowException: Message: no such window: target window already closed\n   from unknown error: web view not found\n     (Session info: chrome=128.0.6613.85)\n   Stacktrace:\n   \tGetHandleVerifier [0x006F8213+26163]\n   \t(No symbol) [0x00689CC4]\n   \t(No symbol) [0x005824C3]\n   \t(No symbol) [0x0055E27B]\n   \t(No symbol) [0x005F192F]\n   \t(No symbol) [0x00603F99]\n   \t(No symbol) [0x005EAA56]\n   \t(No symbol) [0x005BBE89]\n   \t(No symbol) [0x005BC8CD]\n   \tGetHandleVerifier [0x009CD313+2996019]\n   \tGetHandleVerifier [0x00A21B89+3342249]\n   \tGetHandleVerifier [0x00787AEF+614159]\n   \tGetHandleVerifier [0x0078F17C+644508]\n   \t(No symbol) [0x006927FD]\n   \t(No symbol) [0x0068F6F8]\n   \t(No symbol) [0x0068F895]\n   \t(No symbol) [0x00681C16]\n   \tBaseThreadInitThunk [0x76C67BA9+25]\n   \tRtlInitializeExceptionChain [0x77A1C10B+107]\n   \tRtlClearBits [0x77A1C08F+191]\n", "test_name": "test_homepage_visible", "rerun": "0"}}, "suite_name": "test_home_page.py"}}}, "date": "September 04, 2024", "start_time": 1725397541.7365656, "total_suite": 1, "status": "FAIL", "status_list": {"pass": "0", "fail": "2", "skip": "0", "error": "0", "xpass": "0", "xfail": "0", "rerun": "0"}, "total_tests": "2"}